2026-02-18 22:50:48,509 - aqt.main - INFO - installer 127505703280768 aqtinstall(aqt) v3.3.0 on Python 3.12.3 [CPython GCC 13.3.0]
2026-02-18 22:50:48,510 - aqt.helper - DEBUG - helper 127505703280768 Attempt to download checksum at https://download.qt.io/online/qtsdkrepository/linux_x64/desktop/qt6_653/Updates.xml.sha256
2026-02-18 22:50:50,602 - aqt.main - ERROR - installer 127505703280768 The packages ['qtbase'] were not found while parsing XML of package information!
==============================Suggested follow-up:==============================
* Please use 'aqt list-qt linux desktop --modules 6.5.3 <arch>' to show modules available.
2026-02-18 22:50:55,414 - aqt.main - INFO - installer 131351073435776 aqtinstall(aqt) v3.3.0 on Python 3.12.3 [CPython GCC 13.3.0]
2026-02-18 22:50:55,416 - aqt.helper - DEBUG - helper 131351073435776 Attempt to download checksum at https://download.qt.io/online/qtsdkrepository/linux_x64/desktop/qt6_653/Updates.xml.sha256
2026-02-18 22:50:57,440 - aqt.helper - DEBUG - helper 132671537369216 Attempt to download checksum at https://download.qt.io/online/qtsdkrepository/linux_x64/desktop/qt6_653/qt.qt6.653.gcc_64/6.5.3-0-202309260341qtbase-Linux-RHEL_8_4-GCC-Linux-RHEL_8_4-X86_64.7z.sha256
2026-02-18 22:50:57,441 - aqt.helper - DEBUG - helper 125447783325824 Attempt to download checksum at https://download.qt.io/online/qtsdkrepository/linux_x64/desktop/qt6_653/qt.qt6.653.gcc_64/6.5.3-0-202309260341qtsvg-Linux-RHEL_8_4-GCC-Linux-RHEL_8_4-X86_64.7z.sha256
2026-02-18 22:50:57,449 - aqt.helper - DEBUG - helper 139493456879744 Attempt to download checksum at https://download.qt.io/online/qtsdkrepository/linux_x64/desktop/qt6_653/qt.qt6.653.gcc_64/6.5.3-0-202309260341qtdeclarative-Linux-RHEL_8_4-GCC-Linux-RHEL_8_4-X86_64.7z.sha256
2026-02-18 22:50:57,455 - aqt.helper - DEBUG - helper 133947916001408 Attempt to download checksum at https://download.qt.io/online/qtsdkrepository/linux_x64/desktop/qt6_653/qt.qt6.653.gcc_64/6.5.3-0-202309260341qttools-Linux-RHEL_8_4-GCC-Linux-RHEL_8_4-X86_64.7z.sha256
2026-02-18 22:50:58,303 - aqt.helper - INFO - helper 125447783325824 Downloading qtsvg...
2026-02-18 22:50:58,303 - aqt.helper - INFO - helper 139493456879744 Downloading qtdeclarative...
2026-02-18 22:50:58,303 - aqt.helper - INFO - helper 132671537369216 Downloading qtbase...
2026-02-18 22:50:58,304 - aqt.installer - DEBUG - installer 132671537369216 Download URL: https://download.qt.io/online/qtsdkrepository/linux_x64/desktop/qt6_653/qt.qt6.653.gcc_64/6.5.3-0-202309260341qtbase-Linux-RHEL_8_4-GCC-Linux-RHEL_8_4-X86_64.7z
2026-02-18 22:50:58,304 - aqt.installer - DEBUG - installer 139493456879744 Download URL: https://download.qt.io/online/qtsdkrepository/linux_x64/desktop/qt6_653/qt.qt6.653.gcc_64/6.5.3-0-202309260341qtdeclarative-Linux-RHEL_8_4-GCC-Linux-RHEL_8_4-X86_64.7z
2026-02-18 22:50:58,304 - aqt.installer - DEBUG - installer 125447783325824 Download URL: https://download.qt.io/online/qtsdkrepository/linux_x64/desktop/qt6_653/qt.qt6.653.gcc_64/6.5.3-0-202309260341qtsvg-Linux-RHEL_8_4-GCC-Linux-RHEL_8_4-X86_64.7z
2026-02-18 22:50:58,312 - aqt.helper - INFO - helper 133947916001408 Downloading qttools...
2026-02-18 22:50:58,313 - aqt.installer - DEBUG - installer 133947916001408 Download URL: https://download.qt.io/online/qtsdkrepository/linux_x64/desktop/qt6_653/qt.qt6.653.gcc_64/6.5.3-0-202309260341qttools-Linux-RHEL_8_4-GCC-Linux-RHEL_8_4-X86_64.7z
2026-02-18 22:50:59,234 - aqt.helper - DEBUG - helper 139493456879744 Asked to redirect(302) to: https://mirror.ossplanet.net/qtproject/online/qtsdkrepository/linux_x64/desktop/qt6_653/qt.qt6.653.gcc_64/6.5.3-0-202309260341qtdeclarative-Linux-RHEL_8_4-GCC-Linux-RHEL_8_4-X86_64.7z
2026-02-18 22:50:59,234 - aqt.helper - DEBUG - helper 132671537369216 Asked to redirect(302) to: https://mirror.ossplanet.net/qtproject/online/qtsdkrepository/linux_x64/desktop/qt6_653/qt.qt6.653.gcc_64/6.5.3-0-202309260341qtbase-Linux-RHEL_8_4-GCC-Linux-RHEL_8_4-X86_64.7z
2026-02-18 22:50:59,234 - aqt.helper - DEBUG - helper 125447783325824 Asked to redirect(302) to: https://mirror.ossplanet.net/qtproject/online/qtsdkrepository/linux_x64/desktop/qt6_653/qt.qt6.653.gcc_64/6.5.3-0-202309260341qtsvg-Linux-RHEL_8_4-GCC-Linux-RHEL_8_4-X86_64.7z
2026-02-18 22:50:59,236 - aqt.helper - DEBUG - helper 133947916001408 Asked to redirect(302) to: https://mirror.ossplanet.net/qtproject/online/qtsdkrepository/linux_x64/desktop/qt6_653/qt.qt6.653.gcc_64/6.5.3-0-202309260341qttools-Linux-RHEL_8_4-GCC-Linux-RHEL_8_4-X86_64.7z
2026-02-18 22:50:59,239 - aqt.helper - INFO - helper 139493456879744 Redirected: mirror.ossplanet.net
2026-02-18 22:50:59,240 - aqt.helper - INFO - helper 132671537369216 Redirected: mirror.ossplanet.net
2026-02-18 22:50:59,240 - aqt.helper - INFO - helper 125447783325824 Redirected: mirror.ossplanet.net
2026-02-18 22:50:59,243 - aqt.helper - INFO - helper 133947916001408 Redirected: mirror.ossplanet.net
2026-02-18 22:51:12,264 - aqt.installer - INFO - installer 125447783325824 Finished installation of qtsvg-Linux-RHEL_8_4-GCC-Linux-RHEL_8_4-X86_64.7z in 17.28536028
2026-02-18 22:51:12,287 - aqt.helper - DEBUG - helper 125447783325824 Attempt to download checksum at https://download.qt.io/online/qtsdkrepository/linux_x64/desktop/qt6_653/qt.qt6.653.gcc_64/6.5.3-0-202309260341qttranslations-Linux-RHEL_8_4-GCC-Linux-RHEL_8_4-X86_64.7z.sha256
2026-02-18 22:51:13,201 - aqt.helper - INFO - helper 125447783325824 Downloading qttranslations...
2026-02-18 22:51:13,202 - aqt.installer - DEBUG - installer 125447783325824 Download URL: https://download.qt.io/online/qtsdkrepository/linux_x64/desktop/qt6_653/qt.qt6.653.gcc_64/6.5.3-0-202309260341qttranslations-Linux-RHEL_8_4-GCC-Linux-RHEL_8_4-X86_64.7z
2026-02-18 22:51:14,147 - aqt.helper - DEBUG - helper 125447783325824 Asked to redirect(302) to: https://mirror.ossplanet.net/qtproject/online/qtsdkrepository/linux_x64/desktop/qt6_653/qt.qt6.653.gcc_64/6.5.3-0-202309260341qttranslations-Linux-RHEL_8_4-GCC-Linux-RHEL_8_4-X86_64.7z
2026-02-18 22:51:14,149 - aqt.helper - INFO - helper 125447783325824 Redirected: mirror.ossplanet.net
2026-02-18 22:51:26,413 - aqt.installer - INFO - installer 125447783325824 Finished installation of qttranslations-Linux-RHEL_8_4-GCC-Linux-RHEL_8_4-X86_64.7z in 14.13021699
2026-02-18 22:51:26,427 - aqt.helper - DEBUG - helper 125447783325824 Attempt to download checksum at https://download.qt.io/online/qtsdkrepository/linux_x64/desktop/qt6_653/qt.qt6.653.gcc_64/6.5.3-0-202309260341qtwayland-Linux-RHEL_8_4-GCC-Linux-RHEL_8_4-X86_64.7z.sha256
2026-02-18 22:51:27,298 - aqt.helper - INFO - helper 125447783325824 Downloading qtwayland...
2026-02-18 22:51:27,299 - aqt.installer - DEBUG - installer 125447783325824 Download URL: https://download.qt.io/online/qtsdkrepository/linux_x64/desktop/qt6_653/qt.qt6.653.gcc_64/6.5.3-0-202309260341qtwayland-Linux-RHEL_8_4-GCC-Linux-RHEL_8_4-X86_64.7z
2026-02-18 22:51:28,143 - aqt.helper - DEBUG - helper 125447783325824 Asked to redirect(302) to: https://mirror.ossplanet.net/qtproject/online/qtsdkrepository/linux_x64/desktop/qt6_653/qt.qt6.653.gcc_64/6.5.3-0-202309260341qtwayland-Linux-RHEL_8_4-GCC-Linux-RHEL_8_4-X86_64.7z
2026-02-18 22:51:28,144 - aqt.helper - INFO - helper 125447783325824 Redirected: mirror.ossplanet.net
2026-02-18 22:51:28,435 - aqt.installer - INFO - installer 125447783325824 Finished installation of qtwayland-Linux-RHEL_8_4-GCC-Linux-RHEL_8_4-X86_64.7z in 4.55410032
2026-02-18 22:51:28,462 - aqt.helper - DEBUG - helper 125447783325824 Attempt to download checksum at https://download.qt.io/online/qtsdkrepository/linux_x64/desktop/qt6_653/qt.qt6.653.gcc_64/6.5.3-0-202309260341icu-linux-Rhel7.2-x64.7z.sha256
2026-02-18 22:51:28,960 - aqt.installer - INFO - installer 139493456879744 Finished installation of qtdeclarative-Linux-RHEL_8_4-GCC-Linux-RHEL_8_4-X86_64.7z in 36.51977204
2026-02-18 22:51:29,317 - aqt.helper - INFO - helper 125447783325824 Downloading icu...
2026-02-18 22:51:29,323 - aqt.installer - DEBUG - installer 125447783325824 Download URL: https://download.qt.io/online/qtsdkrepository/linux_x64/desktop/qt6_653/qt.qt6.653.gcc_64/6.5.3-0-202309260341icu-linux-Rhel7.2-x64.7z
2026-02-18 22:51:30,175 - aqt.helper - DEBUG - helper 125447783325824 Asked to redirect(302) to: https://mirror.ossplanet.net/qtproject/online/qtsdkrepository/linux_x64/desktop/qt6_653/qt.qt6.653.gcc_64/6.5.3-0-202309260341icu-linux-Rhel7.2-x64.7z
2026-02-18 22:51:30,176 - aqt.helper - INFO - helper 125447783325824 Redirected: mirror.ossplanet.net
2026-02-18 22:51:55,767 - aqt.helper - WARNING - helper 125447783325824 Connection to 'https://download.qt.io' failed. Retrying with fallback 'https://ftp.fau.de/qtproject/'.
2026-02-18 22:51:55,768 - aqt.installer - DEBUG - installer 125447783325824 Download URL: https://ftp.fau.de/qtproject/online/qtsdkrepository/linux_x64/desktop/qt6_653/qt.qt6.653.gcc_64/6.5.3-0-202309260341icu-linux-Rhel7.2-x64.7z
2026-02-18 22:51:58,509 - aqt.installer - INFO - installer 125447783325824 Finished installation of icu-linux-Rhel7.2-x64.7z in 32.51505278
2026-02-18 22:56:10,026 - aqt.installer - INFO - installer 132671537369216 Finished installation of qtbase-Linux-RHEL_8_4-GCC-Linux-RHEL_8_4-X86_64.7z in 340.03660329
2026-02-18 22:57:06,904 - aqt.installer - INFO - installer 133947916001408 Finished installation of qttools-Linux-RHEL_8_4-GCC-Linux-RHEL_8_4-X86_64.7z in 401.90806520
2026-02-18 22:57:07,055 - aqt.updater - INFO - updater 131351073435776 Patching /home/yifei/Qt/6.5.3/gcc_64/bin/qmake
2026-02-18 22:57:07,062 - aqt.updater - INFO - updater 131351073435776 Patching /home/yifei/Qt/6.5.3/gcc_64/lib/pkgconfig/Qt6DBus.pc
2026-02-18 22:57:07,063 - aqt.updater - INFO - updater 131351073435776 Patching /home/yifei/Qt/6.5.3/gcc_64/lib/pkgconfig/Qt6Network.pc
2026-02-18 22:57:07,064 - aqt.updater - INFO - updater 131351073435776 Patching /home/yifei/Qt/6.5.3/gcc_64/lib/pkgconfig/Qt6QmlXmlListModel.pc
2026-02-18 22:57:07,064 - aqt.updater - INFO - updater 131351073435776 Patching /home/yifei/Qt/6.5.3/gcc_64/lib/pkgconfig/Qt6WaylandClient.pc
2026-02-18 22:57:07,065 - aqt.updater - INFO - updater 131351073435776 Patching /home/yifei/Qt/6.5.3/gcc_64/lib/pkgconfig/Qt6LabsSharedImage.pc
2026-02-18 22:57:07,066 - aqt.updater - INFO - updater 131351073435776 Patching /home/yifei/Qt/6.5.3/gcc_64/lib/pkgconfig/Qt6QuickWidgets.pc
2026-02-18 22:57:07,067 - aqt.updater - INFO - updater 131351073435776 Patching /home/yifei/Qt/6.5.3/gcc_64/lib/pkgconfig/Qt6UiPlugin.pc
2026-02-18 22:57:07,069 - aqt.updater - INFO - updater 131351073435776 Patching /home/yifei/Qt/6.5.3/gcc_64/lib/pkgconfig/Qt6Test.pc
2026-02-18 22:57:07,070 - aqt.updater - INFO - updater 131351073435776 Patching /home/yifei/Qt/6.5.3/gcc_64/lib/pkgconfig/Qt6QuickLayouts.pc
2026-02-18 22:57:07,071 - aqt.updater - INFO - updater 131351073435776 Patching /home/yifei/Qt/6.5.3/gcc_64/lib/pkgconfig/Qt6LabsSettings.pc
2026-02-18 22:57:07,072 - aqt.updater - INFO - updater 131351073435776 Patching /home/yifei/Qt/6.5.3/gcc_64/lib/pkgconfig/Qt6QmlModels.pc
2026-02-18 22:57:07,073 - aqt.updater - INFO - updater 131351073435776 Patching /home/yifei/Qt/6.5.3/gcc_64/lib/pkgconfig/Qt6LabsQmlModels.pc
2026-02-18 22:57:07,073 - aqt.updater - INFO - updater 131351073435776 Patching /home/yifei/Qt/6.5.3/gcc_64/lib/pkgconfig/Qt6QmlLocalStorage.pc
2026-02-18 22:57:07,074 - aqt.updater - INFO - updater 131351073435776 Patching /home/yifei/Qt/6.5.3/gcc_64/lib/pkgconfig/Qt6OpenGL.pc
2026-02-18 22:57:07,076 - aqt.updater - INFO - updater 131351073435776 Patching /home/yifei/Qt/6.5.3/gcc_64/lib/pkgconfig/Qt6QmlWorkerScript.pc
2026-02-18 22:57:07,078 - aqt.updater - INFO - updater 131351073435776 Patching /home/yifei/Qt/6.5.3/gcc_64/lib/pkgconfig/Qt6QmlCore.pc
2026-02-18 22:57:07,078 - aqt.updater - INFO - updater 131351073435776 Patching /home/yifei/Qt/6.5.3/gcc_64/lib/pkgconfig/Qt6Qml.pc
2026-02-18 22:57:07,079 - aqt.updater - INFO - updater 131351073435776 Patching /home/yifei/Qt/6.5.3/gcc_64/lib/pkgconfig/Qt6QuickDialogs2Utils.pc
2026-02-18 22:57:07,079 - aqt.updater - INFO - updater 131351073435776 Patching /home/yifei/Qt/6.5.3/gcc_64/lib/pkgconfig/Qt6Sql.pc
2026-02-18 22:57:07,080 - aqt.updater - INFO - updater 131351073435776 Patching /home/yifei/Qt/6.5.3/gcc_64/lib/pkgconfig/Qt6Widgets.pc
2026-02-18 22:57:07,081 - aqt.updater - INFO - updater 131351073435776 Patching /home/yifei/Qt/6.5.3/gcc_64/lib/pkgconfig/Qt6Svg.pc
2026-02-18 22:57:07,081 - aqt.updater - INFO - updater 131351073435776 Patching /home/yifei/Qt/6.5.3/gcc_64/lib/pkgconfig/Qt6QuickControls2Impl.pc
2026-02-18 22:57:07,081 - aqt.updater - INFO - updater 131351073435776 Patching /home/yifei/Qt/6.5.3/gcc_64/lib/pkgconfig/Qt6Designer.pc
2026-02-18 22:57:07,082 - aqt.updater - INFO - updater 131351073435776 Patching /home/yifei/Qt/6.5.3/gcc_64/lib/pkgconfig/Qt6QuickDialogs2.pc
2026-02-18 22:57:07,082 - aqt.updater - INFO - updater 131351073435776 Patching /home/yifei/Qt/6.5.3/gcc_64/lib/pkgconfig/Qt6PrintSupport.pc
2026-02-18 22:57:07,082 - aqt.updater - INFO - updater 131351073435776 Patching /home/yifei/Qt/6.5.3/gcc_64/lib/pkgconfig/Qt6Concurrent.pc
2026-02-18 22:57:07,083 - aqt.updater - INFO - updater 131351073435776 Patching /home/yifei/Qt/6.5.3/gcc_64/lib/pkgconfig/Qt6QuickControls2.pc
2026-02-18 22:57:07,084 - aqt.updater - INFO - updater 131351073435776 Patching /home/yifei/Qt/6.5.3/gcc_64/lib/pkgconfig/Qt6Core.pc
2026-02-18 22:57:07,085 - aqt.updater - INFO - updater 131351073435776 Patching /home/yifei/Qt/6.5.3/gcc_64/lib/pkgconfig/Qt6Platform.pc
2026-02-18 22:57:07,086 - aqt.updater - INFO - updater 131351073435776 Patching /home/yifei/Qt/6.5.3/gcc_64/lib/pkgconfig/Qt6Linguist.pc
2026-02-18 22:57:07,087 - aqt.updater - INFO - updater 131351073435776 Patching /home/yifei/Qt/6.5.3/gcc_64/lib/pkgconfig/Qt6SvgWidgets.pc
2026-02-18 22:57:07,088 - aqt.updater - INFO - updater 131351073435776 Patching /home/yifei/Qt/6.5.3/gcc_64/lib/pkgconfig/Qt6Gui.pc
2026-02-18 22:57:07,088 - aqt.updater - INFO - updater 131351073435776 Patching /home/yifei/Qt/6.5.3/gcc_64/lib/pkgconfig/Qt6QuickDialogs2QuickImpl.pc
2026-02-18 22:57:07,089 - aqt.updater - INFO - updater 131351073435776 Patching /home/yifei/Qt/6.5.3/gcc_64/lib/pkgconfig/Qt6LabsFolderListModel.pc
2026-02-18 22:57:07,090 - aqt.updater - INFO - updater 131351073435776 Patching /home/yifei/Qt/6.5.3/gcc_64/lib/pkgconfig/Qt6OpenGLWidgets.pc
2026-02-18 22:57:07,090 - aqt.updater - INFO - updater 131351073435776 Patching /home/yifei/Qt/6.5.3/gcc_64/lib/pkgconfig/Qt6Quick.pc
2026-02-18 22:57:07,091 - aqt.updater - INFO - updater 131351073435776 Patching /home/yifei/Qt/6.5.3/gcc_64/lib/pkgconfig/Qt6QuickTest.pc
2026-02-18 22:57:07,092 - aqt.updater - INFO - updater 131351073435776 Patching /home/yifei/Qt/6.5.3/gcc_64/lib/pkgconfig/Qt6Xml.pc
2026-02-18 22:57:07,094 - aqt.updater - INFO - updater 131351073435776 Patching /home/yifei/Qt/6.5.3/gcc_64/lib/pkgconfig/Qt6Help.pc
2026-02-18 22:57:07,095 - aqt.updater - INFO - updater 131351073435776 Patching /home/yifei/Qt/6.5.3/gcc_64/lib/pkgconfig/Qt6QuickTemplates2.pc
2026-02-18 22:57:07,096 - aqt.updater - INFO - updater 131351073435776 Patching /home/yifei/Qt/6.5.3/gcc_64/lib/pkgconfig/Qt6LabsWavefrontMesh.pc
2026-02-18 22:57:07,097 - aqt.updater - INFO - updater 131351073435776 Patching /home/yifei/Qt/6.5.3/gcc_64/lib/pkgconfig/Qt6QmlIntegration.pc
2026-02-18 22:57:07,099 - aqt.updater - INFO - updater 131351073435776 Patching /home/yifei/Qt/6.5.3/gcc_64/lib/pkgconfig/Qt6UiTools.pc
2026-02-18 22:57:07,101 - aqt.updater - INFO - updater 131351073435776 Patching /home/yifei/Qt/6.5.3/gcc_64/lib/pkgconfig/Qt6LabsAnimation.pc
2026-02-18 22:57:07,104 - aqt.updater - INFO - updater 131351073435776 Patching /home/yifei/Qt/6.5.3/gcc_64/lib/libQt6PrintSupport.prl
2026-02-18 22:57:07,105 - aqt.updater - INFO - updater 131351073435776 Patching /home/yifei/Qt/6.5.3/gcc_64/lib/libQt6QuickDialogs2QuickImpl.prl
2026-02-18 22:57:07,106 - aqt.updater - INFO - updater 131351073435776 Patching /home/yifei/Qt/6.5.3/gcc_64/lib/libQt6KmsSupport.prl
2026-02-18 22:57:07,107 - aqt.updater - INFO - updater 131351073435776 Patching /home/yifei/Qt/6.5.3/gcc_64/lib/libQt6QuickDialogs2Utils.prl
2026-02-18 22:57:07,107 - aqt.updater - INFO - updater 131351073435776 Patching /home/yifei/Qt/6.5.3/gcc_64/lib/libQt6DeviceDiscoverySupport.prl
2026-02-18 22:57:07,108 - aqt.updater - INFO - updater 131351073435776 Patching /home/yifei/Qt/6.5.3/gcc_64/lib/libQt6FbSupport.prl
2026-02-18 22:57:07,110 - aqt.updater - INFO - updater 131351073435776 Patching /home/yifei/Qt/6.5.3/gcc_64/lib/libQt6Designer.prl
2026-02-18 22:57:07,112 - aqt.updater - INFO - updater 131351073435776 Patching /home/yifei/Qt/6.5.3/gcc_64/lib/libQt6Qml.prl
2026-02-18 22:57:07,112 - aqt.updater - INFO - updater 131351073435776 Patching /home/yifei/Qt/6.5.3/gcc_64/lib/libQt6LabsWavefrontMesh.prl
2026-02-18 22:57:07,113 - aqt.updater - INFO - updater 131351073435776 Patching /home/yifei/Qt/6.5.3/gcc_64/lib/libQt6Xml.prl
2026-02-18 22:57:07,114 - aqt.updater - INFO - updater 131351073435776 Patching /home/yifei/Qt/6.5.3/gcc_64/lib/libQt6QuickEffects.prl
2026-02-18 22:57:07,114 - aqt.updater - INFO - updater 131351073435776 Patching /home/yifei/Qt/6.5.3/gcc_64/lib/libQt6QmlModels.prl
2026-02-18 22:57:07,114 - aqt.updater - INFO - updater 131351073435776 Patching /home/yifei/Qt/6.5.3/gcc_64/lib/libQt6LabsQmlModels.prl
2026-02-18 22:57:07,115 - aqt.updater - INFO - updater 131351073435776 Patching /home/yifei/Qt/6.5.3/gcc_64/lib/libQt6WaylandEglClientHwIntegration.prl
2026-02-18 22:57:07,116 - aqt.updater - INFO - updater 131351073435776 Patching /home/yifei/Qt/6.5.3/gcc_64/lib/libQt6QmlLocalStorage.prl
2026-02-18 22:57:07,116 - aqt.updater - INFO - updater 131351073435776 Patching /home/yifei/Qt/6.5.3/gcc_64/lib/libQt6PacketProtocol.prl
2026-02-18 22:57:07,116 - aqt.updater - INFO - updater 131351073435776 Patching /home/yifei/Qt/6.5.3/gcc_64/lib/libQt6Core.prl
2026-02-18 22:57:07,117 - aqt.updater - INFO - updater 131351073435776 Patching /home/yifei/Qt/6.5.3/gcc_64/lib/libQt6EglFsKmsSupport.prl
2026-02-18 22:57:07,117 - aqt.updater - INFO - updater 131351073435776 Patching /home/yifei/Qt/6.5.3/gcc_64/lib/libQt6InputSupport.prl
2026-02-18 22:57:07,118 - aqt.updater - INFO - updater 131351073435776 Patching /home/yifei/Qt/6.5.3/gcc_64/lib/libQt6Concurrent.prl
2026-02-18 22:57:07,118 - aqt.updater - INFO - updater 131351073435776 Patching /home/yifei/Qt/6.5.3/gcc_64/lib/libQt6QuickTemplates2.prl
2026-02-18 22:57:07,120 - aqt.updater - INFO - updater 131351073435776 Patching /home/yifei/Qt/6.5.3/gcc_64/lib/libQt6QuickParticles.prl
2026-02-18 22:57:07,125 - aqt.updater - INFO - updater 131351073435776 Patching /home/yifei/Qt/6.5.3/gcc_64/lib/libQt6XcbQpa.prl
2026-02-18 22:57:07,128 - aqt.updater - INFO - updater 131351073435776 Patching /home/yifei/Qt/6.5.3/gcc_64/lib/libQt6EglFSDeviceIntegration.prl
2026-02-18 22:57:07,132 - aqt.updater - INFO - updater 131351073435776 Patching /home/yifei/Qt/6.5.3/gcc_64/lib/libQt6QmlTypeRegistrar.prl
2026-02-18 22:57:07,136 - aqt.updater - INFO - updater 131351073435776 Patching /home/yifei/Qt/6.5.3/gcc_64/lib/libQt6QmlDebug.prl
2026-02-18 22:57:07,137 - aqt.updater - INFO - updater 131351073435776 Patching /home/yifei/Qt/6.5.3/gcc_64/lib/libQt6QuickLayouts.prl
2026-02-18 22:57:07,138 - aqt.updater - INFO - updater 131351073435776 Patching /home/yifei/Qt/6.5.3/gcc_64/lib/libQt6QmlXmlListModel.prl
2026-02-18 22:57:07,141 - aqt.updater - INFO - updater 131351073435776 Patching /home/yifei/Qt/6.5.3/gcc_64/lib/libQt6Sql.prl
2026-02-18 22:57:07,143 - aqt.updater - INFO - updater 131351073435776 Patching /home/yifei/Qt/6.5.3/gcc_64/lib/libQt6ExampleIcons.prl
2026-02-18 22:57:07,144 - aqt.updater - INFO - updater 131351073435776 Patching /home/yifei/Qt/6.5.3/gcc_64/lib/libQt6QuickTest.prl
2026-02-18 22:57:07,145 - aqt.updater - INFO - updater 131351073435776 Patching /home/yifei/Qt/6.5.3/gcc_64/lib/libQt6QuickControls2Impl.prl
2026-02-18 22:57:07,146 - aqt.updater - INFO - updater 131351073435776 Patching /home/yifei/Qt/6.5.3/gcc_64/lib/libQt6QmlCompiler.prl
2026-02-18 22:57:07,147 - aqt.updater - INFO - updater 131351073435776 Patching /home/yifei/Qt/6.5.3/gcc_64/lib/libQt6QmlDom.prl
2026-02-18 22:57:07,148 - aqt.updater - INFO - updater 131351073435776 Patching /home/yifei/Qt/6.5.3/gcc_64/lib/libQt6QmlWorkerScript.prl
2026-02-18 22:57:07,148 - aqt.updater - INFO - updater 131351073435776 Patching /home/yifei/Qt/6.5.3/gcc_64/lib/libQt6DesignerComponents.prl
2026-02-18 22:57:07,149 - aqt.updater - INFO - updater 131351073435776 Patching /home/yifei/Qt/6.5.3/gcc_64/lib/libQt6Quick.prl
2026-02-18 22:57:07,150 - aqt.updater - INFO - updater 131351073435776 Patching /home/yifei/Qt/6.5.3/gcc_64/lib/libQt6QuickControlsTestUtils.prl
2026-02-18 22:57:07,151 - aqt.updater - INFO - updater 131351073435776 Patching /home/yifei/Qt/6.5.3/gcc_64/lib/libQt6OpenGLWidgets.prl
2026-02-18 22:57:07,151 - aqt.updater - INFO - updater 131351073435776 Patching /home/yifei/Qt/6.5.3/gcc_64/lib/libQt6WaylandClient.prl
2026-02-18 22:57:07,156 - aqt.updater - INFO - updater 131351073435776 Patching /home/yifei/Qt/6.5.3/gcc_64/lib/libQt6Widgets.prl
2026-02-18 22:57:07,158 - aqt.updater - INFO - updater 131351073435776 Patching /home/yifei/Qt/6.5.3/gcc_64/lib/libQt6Test.prl
2026-02-18 22:57:07,160 - aqt.updater - INFO - updater 131351073435776 Patching /home/yifei/Qt/6.5.3/gcc_64/lib/libQt6QuickDialogs2.prl
2026-02-18 22:57:07,162 - aqt.updater - INFO - updater 131351073435776 Patching /home/yifei/Qt/6.5.3/gcc_64/lib/libQt6QuickControls2.prl
2026-02-18 22:57:07,164 - aqt.updater - INFO - updater 131351073435776 Patching /home/yifei/Qt/6.5.3/gcc_64/lib/libQt6LabsSettings.prl
2026-02-18 22:57:07,166 - aqt.updater - INFO - updater 131351073435776 Patching /home/yifei/Qt/6.5.3/gcc_64/lib/libQt6QuickTestUtils.prl
2026-02-18 22:57:07,170 - aqt.updater - INFO - updater 131351073435776 Patching /home/yifei/Qt/6.5.3/gcc_64/lib/libQt6QuickWidgets.prl
2026-02-18 22:57:07,172 - aqt.updater - INFO - updater 131351073435776 Patching /home/yifei/Qt/6.5.3/gcc_64/lib/libQt6OpenGL.prl
2026-02-18 22:57:07,173 - aqt.updater - INFO - updater 131351073435776 Patching /home/yifei/Qt/6.5.3/gcc_64/lib/libQt6QmlCore.prl
2026-02-18 22:57:07,175 - aqt.updater - INFO - updater 131351073435776 Patching /home/yifei/Qt/6.5.3/gcc_64/lib/libQt6DBus.prl
2026-02-18 22:57:07,180 - aqt.updater - INFO - updater 131351073435776 Patching /home/yifei/Qt/6.5.3/gcc_64/lib/libQt6QuickShapes.prl
2026-02-18 22:57:07,183 - aqt.updater - INFO - updater 131351073435776 Patching /home/yifei/Qt/6.5.3/gcc_64/lib/libQt6WlShellIntegration.prl
2026-02-18 22:57:07,185 - aqt.updater - INFO - updater 131351073435776 Patching /home/yifei/Qt/6.5.3/gcc_64/lib/libQt6Network.prl
2026-02-18 22:57:07,187 - aqt.updater - INFO - updater 131351073435776 Patching /home/yifei/Qt/6.5.3/gcc_64/lib/libQt6LabsSharedImage.prl
2026-02-18 22:57:07,188 - aqt.updater - INFO - updater 131351073435776 Patching /home/yifei/Qt/6.5.3/gcc_64/lib/libQt6Gui.prl
2026-02-18 22:57:07,188 - aqt.updater - INFO - updater 131351073435776 Patching /home/yifei/Qt/6.5.3/gcc_64/lib/libQt6LabsFolderListModel.prl
2026-02-18 22:57:07,189 - aqt.updater - INFO - updater 131351073435776 Patching /home/yifei/Qt/6.5.3/gcc_64/lib/libQt6LabsAnimation.prl
2026-02-18 22:57:07,192 - aqt.updater - INFO - updater 131351073435776 Patching /home/yifei/Qt/6.5.3/gcc_64/lib/libQt6UiTools.prl
2026-02-18 22:57:07,193 - aqt.updater - INFO - updater 131351073435776 Patching /home/yifei/Qt/6.5.3/gcc_64/lib/libQt6SvgWidgets.prl
2026-02-18 22:57:07,195 - aqt.updater - INFO - updater 131351073435776 Patching /home/yifei/Qt/6.5.3/gcc_64/lib/libQt6Help.prl
2026-02-18 22:57:07,196 - aqt.updater - INFO - updater 131351073435776 Patching /home/yifei/Qt/6.5.3/gcc_64/lib/libQt6Svg.prl
2026-02-18 22:57:07,198 - aqt.main - INFO - installer 131351073435776 Finished installation
2026-02-18 22:57:07,199 - aqt.main - INFO - installer 131351073435776 Time elapsed: 404.24121230 second
